time=2024-07-12T13:59:27.071+05:00 level=INFO msg="ValidateReservation method is starting"
time=2024-07-12T13:59:27.081+05:00 level=INFO msg="ValidateReservation has successfully finished"
time=2024-07-12T13:59:50.901+05:00 level=INFO msg="ValidateReservation method is starting"
time=2024-07-12T13:59:50.902+05:00 level=INFO msg="ValidateReservation has successfully finished"
time=2024-07-12T14:00:19.334+05:00 level=INFO msg="ValidateReservation method is starting"
time=2024-07-12T14:00:19.334+05:00 level=INFO msg="ValidateReservation has successfully finished"
time=2024-07-12T14:20:04.987+05:00 level=INFO msg="ValidateReservation method is starting"
time=2024-07-12T14:20:04.988+05:00 level=INFO msg="ValidateReservation has successfully finished"
time=2024-07-12T14:20:24.162+05:00 level=INFO msg="ValidateReservation method is starting"
time=2024-07-12T14:20:24.162+05:00 level=INFO msg="ValidateReservation has successfully finished"
time=2024-07-12T14:20:44.971+05:00 level=INFO msg="ValidateReservation method is starting"
time=2024-07-12T14:20:44.972+05:00 level=INFO msg="ValidateReservation has successfully finished"
time=2024-07-12T15:07:12.934+05:00 level=INFO msg="DeleteReservationByUserID method is starting"
time=2024-07-12T15:07:12.938+05:00 level=INFO msg="DeleteReservationByUserID has successfully finished"
time=2024-07-12T15:29:36.171+05:00 level=INFO msg="CreateRestaurant method is starting"
time=2024-07-12T15:29:36.185+05:00 level=INFO msg="CreateRestaurant has successfully finished"
time=2024-07-12T15:29:59.439+05:00 level=INFO msg="GetRestaurantByID method is starting"
time=2024-07-12T15:29:59.440+05:00 level=INFO msg="GetRestaurantByID has successfully finished"
time=2024-07-12T15:33:13.157+05:00 level=INFO msg="FetchRestaurants method is starting"
time=2024-07-12T15:33:13.158+05:00 level=INFO msg="FetchRestaurants has successfully finished"
time=2024-07-12T15:35:47.758+05:00 level=INFO msg="FetchRestaurants method is starting"
time=2024-07-12T15:35:47.758+05:00 level=INFO msg="FetchRestaurants has successfully finished"
time=2024-07-12T15:37:06.212+05:00 level=INFO msg="UpdateRestaurant method is starting"
time=2024-07-12T15:37:06.223+05:00 level=INFO msg="UpdateRestaurant has successfully finished"
time=2024-07-12T15:37:32.130+05:00 level=INFO msg="UpdateRestaurant method is starting"
time=2024-07-12T15:37:32.140+05:00 level=INFO msg="UpdateRestaurant has successfully finished"
time=2024-07-12T15:38:52.040+05:00 level=INFO msg="UpdateRestaurant method is starting"
time=2024-07-12T15:38:52.053+05:00 level=INFO msg="UpdateRestaurant has successfully finished"
time=2024-07-12T15:39:17.660+05:00 level=INFO msg="GetRestaurantByID method is starting"
time=2024-07-12T15:39:17.661+05:00 level=INFO msg="GetRestaurantByID has successfully finished"
time=2024-07-12T15:39:41.419+05:00 level=INFO msg="DeleteRestaurant method is starting"
time=2024-07-12T15:39:41.431+05:00 level=INFO msg="DeleteRestaurant has successfully finished"
time=2024-07-12T15:39:49.089+05:00 level=INFO msg="DeleteRestaurant method is starting"
time=2024-07-12T15:39:49.090+05:00 level=ERROR msg="failed to update restaurant: sql: no rows in result set"
time=2024-07-12T15:40:05.249+05:00 level=INFO msg="UpdateRestaurant method is starting"
time=2024-07-12T15:40:05.250+05:00 level=INFO msg="UpdateRestaurant has successfully finished"
time=2024-07-12T15:40:08.116+05:00 level=INFO msg="UpdateRestaurant method is starting"
time=2024-07-12T15:40:08.116+05:00 level=INFO msg="UpdateRestaurant has successfully finished"
time=2024-07-12T15:40:42.077+05:00 level=INFO msg="UpdateRestaurant method is starting"
time=2024-07-12T15:40:42.078+05:00 level=INFO msg="UpdateRestaurant has successfully finished"
time=2024-07-12T15:48:05.855+05:00 level=INFO msg="UpdateRestaurant method is starting"
time=2024-07-12T15:48:05.856+05:00 level=ERROR msg="failed to update restaurant: sql: no rows in result set"
time=2024-07-12T15:48:39.804+05:00 level=INFO msg="DeleteRestaurant method is starting"
time=2024-07-12T15:48:39.805+05:00 level=ERROR msg="failed to update restaurant: sql: no rows in result set"
time=2024-07-12T15:49:24.675+05:00 level=INFO msg="GetRestaurantByID method is starting"
time=2024-07-12T15:49:24.676+05:00 level=ERROR msg="failed to read restaurant: sql: no rows in result set"
time=2024-07-12T15:49:34.413+05:00 level=INFO msg="FetchRestaurants method is starting"
time=2024-07-12T15:49:34.414+05:00 level=INFO msg="FetchRestaurants has successfully finished"
time=2024-07-12T15:49:58.578+05:00 level=INFO msg="FetchRestaurants method is starting"
time=2024-07-12T15:49:58.579+05:00 level=INFO msg="FetchRestaurants has successfully finished"
time=2024-07-12T15:50:02.347+05:00 level=INFO msg="FetchRestaurants method is starting"
time=2024-07-12T15:50:02.347+05:00 level=INFO msg="FetchRestaurants has successfully finished"
time=2024-07-12T15:50:11.387+05:00 level=INFO msg="FetchRestaurants method is starting"
time=2024-07-12T15:50:11.387+05:00 level=INFO msg="FetchRestaurants has successfully finished"
time=2024-07-12T15:50:42.852+05:00 level=INFO msg="FetchRestaurants method is starting"
time=2024-07-12T15:50:42.852+05:00 level=INFO msg="FetchRestaurants has successfully finished"
time=2024-07-12T15:50:45.413+05:00 level=INFO msg="FetchRestaurants method is starting"
time=2024-07-12T15:50:45.414+05:00 level=INFO msg="FetchRestaurants has successfully finished"
time=2024-07-12T15:50:46.130+05:00 level=INFO msg="FetchRestaurants method is starting"
time=2024-07-12T15:50:46.130+05:00 level=INFO msg="FetchRestaurants has successfully finished"
time=2024-07-12T15:54:24.580+05:00 level=INFO msg="FetchRestaurants method is starting"
time=2024-07-12T15:54:24.580+05:00 level=INFO msg="FetchRestaurants has successfully finished"
time=2024-07-12T15:54:38.706+05:00 level=INFO msg="FetchRestaurants method is starting"
time=2024-07-12T15:54:38.707+05:00 level=INFO msg="FetchRestaurants has successfully finished"
time=2024-07-12T15:55:20.543+05:00 level=INFO msg="FetchRestaurants method is starting"
time=2024-07-12T15:55:20.544+05:00 level=INFO msg="FetchRestaurants has successfully finished"
time=2024-07-12T15:56:32.007+05:00 level=INFO msg="FetchRestaurants method is starting"
time=2024-07-12T15:56:32.007+05:00 level=INFO msg="FetchRestaurants has successfully finished"
time=2024-07-12T15:57:14.493+05:00 level=INFO msg="FetchRestaurants method is starting"
time=2024-07-12T15:57:14.493+05:00 level=INFO msg="FetchRestaurants has successfully finished"
time=2024-07-12T15:58:35.196+05:00 level=INFO msg="FetchRestaurants method is starting"
time=2024-07-12T15:58:35.196+05:00 level=INFO msg="FetchRestaurants has successfully finished"
time=2024-07-12T15:58:41.271+05:00 level=INFO msg="FetchRestaurants method is starting"
time=2024-07-12T15:58:41.271+05:00 level=INFO msg="FetchRestaurants has successfully finished"
time=2024-07-12T15:58:49.569+05:00 level=INFO msg="FetchRestaurants method is starting"
time=2024-07-12T15:58:49.570+05:00 level=INFO msg="FetchRestaurants has successfully finished"
time=2024-07-12T16:01:12.136+05:00 level=INFO msg="FetchRestaurants method is starting"
time=2024-07-12T16:01:12.137+05:00 level=INFO msg="FetchRestaurants has successfully finished"
time=2024-07-12T16:01:28.026+05:00 level=INFO msg="FetchRestaurants method is starting"
time=2024-07-12T16:01:28.027+05:00 level=INFO msg="FetchRestaurants has successfully finished"
time=2024-07-12T16:01:37.094+05:00 level=INFO msg="FetchRestaurants method is starting"
time=2024-07-12T16:01:37.094+05:00 level=INFO msg="FetchRestaurants has successfully finished"
time=2024-07-12T16:02:24.422+05:00 level=INFO msg="FetchMeals method is starting"
time=2024-07-12T16:02:24.431+05:00 level=INFO msg="FetchMeals has successfully finished"
time=2024-07-12T16:02:31.917+05:00 level=INFO msg="FetchMeals method is starting"
time=2024-07-12T16:02:31.918+05:00 level=INFO msg="FetchMeals has successfully finished"
time=2024-07-12T16:02:35.042+05:00 level=INFO msg="FetchMeals method is starting"
time=2024-07-12T16:02:35.051+05:00 level=INFO msg="FetchMeals has successfully finished"
time=2024-07-12T16:04:31.115+05:00 level=INFO msg="FetchMeals method is starting"
time=2024-07-12T16:04:31.116+05:00 level=INFO msg="FetchMeals has successfully finished"
time=2024-07-12T16:04:46.475+05:00 level=INFO msg="FetchMeals method is starting"
time=2024-07-12T16:04:46.475+05:00 level=INFO msg="FetchMeals has successfully finished"
time=2024-07-12T16:04:55.251+05:00 level=INFO msg="FetchMeals method is starting"
time=2024-07-12T16:04:55.252+05:00 level=INFO msg="FetchMeals has successfully finished"
time=2024-07-12T16:05:24.610+05:00 level=INFO msg="FetchMeals method is starting"
time=2024-07-12T16:05:24.611+05:00 level=INFO msg="FetchMeals has successfully finished"
time=2024-07-12T16:06:16.909+05:00 level=INFO msg="FetchMeals method is starting"
time=2024-07-12T16:06:16.909+05:00 level=INFO msg="FetchMeals has successfully finished"
time=2024-07-12T16:08:09.536+05:00 level=INFO msg="FetchMeals method is starting"
time=2024-07-12T16:08:09.537+05:00 level=INFO msg="FetchMeals has successfully finished"
time=2024-07-12T16:11:19.463+05:00 level=INFO msg="AddMeal method is starting"
time=2024-07-12T16:11:19.477+05:00 level=INFO msg="AddMeal has successfully finished"
time=2024-07-12T16:12:04.380+05:00 level=INFO msg="GetMealByID method is starting"
time=2024-07-12T16:12:04.380+05:00 level=INFO msg="GetMealById has successfully finished"
time=2024-07-12T16:13:07.305+05:00 level=INFO msg="UpdateMeal method is starting"
time=2024-07-12T16:13:07.315+05:00 level=ERROR msg="failed to update meal: pq: insert or update on table \"menu\" violates foreign key constraint \"menu_restaurant_id_fkey\""
time=2024-07-12T16:13:23.297+05:00 level=INFO msg="UpdateMeal method is starting"
time=2024-07-12T16:13:23.308+05:00 level=INFO msg="UpdateMeal has successfully finished"
time=2024-07-12T16:13:49.642+05:00 level=INFO msg="DeleteMeal method is starting"
time=2024-07-12T16:13:49.653+05:00 level=INFO msg="DeleteMeal has successfully finished"
time=2024-07-12T16:13:52.815+05:00 level=INFO msg="DeleteMeal method is starting"
time=2024-07-12T16:13:52.815+05:00 level=ERROR msg="failed to delete meal: sql: no rows in result set"
time=2024-07-12T16:14:05.365+05:00 level=INFO msg="UpdateMeal method is starting"
time=2024-07-12T16:14:05.365+05:00 level=ERROR msg="failed to update meal: pq: invalid input syntax for type uuid: \"\""
time=2024-07-12T16:14:13.612+05:00 level=INFO msg="UpdateMeal method is starting"
time=2024-07-12T16:14:13.612+05:00 level=ERROR msg="failed to update meal: pq: invalid input syntax for type uuid: \"\""
time=2024-07-12T16:15:31.629+05:00 level=INFO msg="UpdateMeal method is starting"
time=2024-07-12T16:15:31.629+05:00 level=ERROR msg="failed to update meal: sql: no rows in result set"
time=2024-07-12T16:15:58.662+05:00 level=INFO msg="GetMealByID method is starting"
time=2024-07-12T16:15:58.663+05:00 level=ERROR msg="failed to read meal: sql: no rows in result set"
time=2024-07-12T16:16:12.220+05:00 level=INFO msg="FetchMeals method is starting"
time=2024-07-12T16:16:12.220+05:00 level=INFO msg="FetchMeals has successfully finished"
time=2024-07-12T16:16:29.727+05:00 level=INFO msg="FetchMeals method is starting"
time=2024-07-12T16:16:29.728+05:00 level=INFO msg="FetchMeals has successfully finished"
time=2024-07-12T16:16:41.276+05:00 level=INFO msg="FetchMeals method is starting"
time=2024-07-12T16:16:41.276+05:00 level=INFO msg="FetchMeals has successfully finished"
time=2024-07-12T16:16:52.800+05:00 level=INFO msg="FetchMeals method is starting"
time=2024-07-12T16:16:52.801+05:00 level=INFO msg="FetchMeals has successfully finished"
time=2024-07-12T16:17:06.919+05:00 level=INFO msg="FetchMeals method is starting"
time=2024-07-12T16:17:06.919+05:00 level=INFO msg="FetchMeals has successfully finished"
time=2024-07-12T16:17:11.992+05:00 level=INFO msg="FetchMeals method is starting"
time=2024-07-12T16:17:11.992+05:00 level=INFO msg="FetchMeals has successfully finished"
time=2024-07-12T16:17:14.210+05:00 level=INFO msg="FetchMeals method is starting"
time=2024-07-12T16:17:14.211+05:00 level=INFO msg="FetchMeals has successfully finished"
time=2024-07-12T16:17:17.270+05:00 level=INFO msg="FetchMeals method is starting"
time=2024-07-12T16:17:17.270+05:00 level=INFO msg="FetchMeals has successfully finished"
time=2024-07-12T16:17:19.352+05:00 level=INFO msg="FetchMeals method is starting"
time=2024-07-12T16:17:19.352+05:00 level=INFO msg="FetchMeals has successfully finished"
time=2024-07-12T16:18:35.834+05:00 level=INFO msg="CreateReservation method is starting"
time=2024-07-12T16:26:57.386+05:00 level=INFO msg="FetchReservations method is starting"
time=2024-07-12T16:26:57.387+05:00 level=INFO msg="FetchReservations has successfully finished"
time=2024-07-12T16:28:09.931+05:00 level=INFO msg="CreateReservation method is starting"
time=2024-07-12T16:29:35.668+05:00 level=INFO msg="CreateReservation method is starting"
time=2024-07-12T16:31:55.250+05:00 level=INFO msg="CreateReservation method is starting"
time=2024-07-12T16:33:33.106+05:00 level=INFO msg="CreateReservation method is starting"
time=2024-07-12T16:34:21.549+05:00 level=INFO msg="CreateReservation method is starting"
time=2024-07-12T16:36:18.368+05:00 level=INFO msg="CreateReservation method is starting"
time=2024-07-12T16:37:42.488+05:00 level=INFO msg="CreateReservation method is starting"
time=2024-07-12T16:39:20.711+05:00 level=INFO msg="CreateReservation method is starting"
time=2024-07-12T16:39:56.049+05:00 level=INFO msg="CreateReservation method is starting"
time=2024-07-12T16:40:47.190+05:00 level=INFO msg="CreateReservation method is starting"
time=2024-07-12T16:40:47.191+05:00 level=INFO msg="User has been validated"
time=2024-07-12T16:40:47.203+05:00 level=INFO msg="CreateReservation has successfully finished"
time=2024-07-12T16:42:09.065+05:00 level=INFO msg="CreateReservation method is starting"
time=2024-07-12T16:42:42.785+05:00 level=INFO msg="CreateReservation method is starting"
time=2024-07-12T16:44:02.320+05:00 level=INFO msg="CreateReservation method is starting"
time=2024-07-12T16:44:39.668+05:00 level=INFO msg="CreateReservation method is starting"
time=2024-07-12T16:45:54.350+05:00 level=INFO msg="CreateReservation method is starting"
time=2024-07-12T16:46:30.506+05:00 level=INFO msg="CreateReservation method is starting"
time=2024-07-12T16:46:30.508+05:00 level=INFO msg="User has been validated"
time=2024-07-12T16:46:30.521+05:00 level=INFO msg="CreateReservation has successfully finished"
time=2024-07-12T16:49:44.235+05:00 level=INFO msg="CreateReservation method is starting"
time=2024-07-12T16:50:52.952+05:00 level=INFO msg="CreateReservation method is starting"
time=2024-07-12T16:50:52.953+05:00 level=INFO msg="User has been validated"
time=2024-07-12T16:50:52.964+05:00 level=INFO msg="CreateReservation has successfully finished"
time=2024-07-12T16:54:34.796+05:00 level=INFO msg="CreateReservation method is starting"
time=2024-07-12T17:02:05.595+05:00 level=INFO msg="CreateReservation method is starting"
time=2024-07-12T17:02:05.597+05:00 level=ERROR msg="user validation failed: rpc error: code = Unknown desc = failed to validate user: not found"
time=2024-07-12T17:02:49.120+05:00 level=INFO msg="CreateReservation method is starting"
time=2024-07-12T17:02:49.121+05:00 level=ERROR msg="user validation failed: rpc error: code = Unknown desc = failed to validate user: not found"
time=2024-07-12T17:02:52.756+05:00 level=INFO msg="CreateReservation method is starting"
time=2024-07-12T17:02:52.757+05:00 level=ERROR msg="user validation failed: rpc error: code = Unknown desc = failed to validate user: not found"
time=2024-07-12T17:03:15.792+05:00 level=INFO msg="CreateReservation method is starting"
time=2024-07-12T17:03:15.793+05:00 level=INFO msg="User has been validated"
time=2024-07-12T17:03:15.804+05:00 level=INFO msg="CreateReservation has successfully finished"
time=2024-07-12T17:03:32.220+05:00 level=INFO msg="GetReservationByID method is starting"
time=2024-07-12T17:03:32.220+05:00 level=INFO msg="GetReservationByID has successfully finished"
time=2024-07-12T17:04:20.950+05:00 level=INFO msg="UpdateReservation method is starting"
time=2024-07-12T17:04:20.950+05:00 level=INFO msg="User has been validated"
time=2024-07-12T17:04:20.951+05:00 level=ERROR msg="failed to update reservation: pq: date/time field value out of range: \"15.08.2025\""
time=2024-07-12T17:04:53.393+05:00 level=INFO msg="UpdateReservation method is starting"
time=2024-07-12T17:04:53.394+05:00 level=INFO msg="User has been validated"
time=2024-07-12T17:04:53.403+05:00 level=ERROR msg="failed to update reservation: pq: invalid input value for enum reservation_status: \"\""
time=2024-07-12T17:12:43.860+05:00 level=INFO msg="UpdateReservation method is starting"
time=2024-07-12T17:12:43.862+05:00 level=INFO msg="User has been validated"
time=2024-07-12T17:12:43.862+05:00 level=ERROR msg="failed to update reservation: pq: invalid input value for enum reservation_status: \"\""
time=2024-07-12T17:15:29.555+05:00 level=INFO msg="UpdateReservation method is starting"
time=2024-07-12T17:15:29.556+05:00 level=INFO msg="User has been validated"
time=2024-07-12T17:15:29.569+05:00 level=INFO msg="UpdateReservation has successfully finished"
time=2024-07-12T17:16:05.680+05:00 level=INFO msg="FetchReservations method is starting"
time=2024-07-12T17:16:05.680+05:00 level=INFO msg="FetchReservations has successfully finished"
time=2024-07-12T17:16:21.562+05:00 level=INFO msg="DeleteReservation method is starting"
time=2024-07-12T17:16:21.572+05:00 level=INFO msg="DeleteReservation has successfully finished"
time=2024-07-12T17:16:29.500+05:00 level=INFO msg="DeleteReservation method is starting"
time=2024-07-12T17:16:29.501+05:00 level=ERROR msg="failed to delete reservation: sql: no rows in result set"
time=2024-07-12T17:16:53.499+05:00 level=INFO msg="UpdateReservation method is starting"
time=2024-07-12T17:16:53.500+05:00 level=INFO msg="User has been validated"
time=2024-07-12T17:16:53.500+05:00 level=ERROR msg="failed to update reservation: sql: no rows in result set"
time=2024-07-12T17:17:12.142+05:00 level=INFO msg="GetReservationByID method is starting"
time=2024-07-12T17:17:12.142+05:00 level=ERROR msg="failed to read reservation: sql: no rows in result set"
time=2024-07-12T17:19:03.906+05:00 level=INFO msg="ValidateReservation method is starting"
time=2024-07-12T17:19:03.906+05:00 level=INFO msg="ValidateReservation has successfully finished"
time=2024-07-12T17:19:21.350+05:00 level=INFO msg="ValidateReservation method is starting"
time=2024-07-12T17:19:21.350+05:00 level=INFO msg="ValidateReservation has successfully finished"
time=2024-07-12T17:20:56.385+05:00 level=INFO msg="CreateReservation method is starting"
time=2024-07-12T17:20:56.386+05:00 level=INFO msg="User has been validated"
time=2024-07-12T17:20:56.398+05:00 level=INFO msg="CreateReservation has successfully finished"
time=2024-07-12T17:21:18.647+05:00 level=INFO msg="GetReservationByID method is starting"
time=2024-07-12T17:21:18.647+05:00 level=INFO msg="GetReservationByID has successfully finished"
time=2024-07-12T17:29:53.728+05:00 level=INFO msg="Order method is starting"
time=2024-07-12T17:29:53.729+05:00 level=INFO msg="Reservation info has been retrieved"
time=2024-07-12T17:29:53.729+05:00 level=INFO msg="Reservation end time has been parsed"
time=2024-07-12T17:29:53.730+05:00 level=ERROR msg="failed to make order: failed to store order: redis: can't marshal []*reservation.ReservationOrder (implement encoding.BinaryMarshaler)"
time=2024-07-12T17:32:48.446+05:00 level=INFO msg="ValidateReservation method is starting"
time=2024-07-12T17:32:48.446+05:00 level=INFO msg="ValidateReservation has successfully finished"
time=2024-07-12T17:33:04.194+05:00 level=INFO msg="Pay method is starting"
time=2024-07-12T17:33:04.194+05:00 level=INFO msg="Reservation has been validated"
time=2024-07-12T17:33:04.196+05:00 level=ERROR msg="failed to find payment: rpc error: code = Unknown desc = failed to find payment: sql: no rows in result set"
time=2024-07-12T17:34:10.356+05:00 level=INFO msg="Order method is starting"
time=2024-07-12T17:34:10.357+05:00 level=INFO msg="Reservation info has been retrieved"
time=2024-07-12T17:34:10.357+05:00 level=INFO msg="Reservation end time has been parsed"
time=2024-07-12T17:34:10.357+05:00 level=ERROR msg="failed to make order: failed to store order: redis: can't marshal []*reservation.ReservationOrder (implement encoding.BinaryMarshaler)"
time=2024-07-12T17:57:07.117+05:00 level=INFO msg="Order method is starting"
time=2024-07-12T17:57:07.118+05:00 level=INFO msg="Reservation info has been retrieved"
time=2024-07-12T17:57:07.118+05:00 level=INFO msg="Reservation end time has been parsed"
time=2024-07-12T17:57:07.118+05:00 level=ERROR msg="failed to make order: failed to store order: redis: can't marshal []*reservation.ReservationOrder (implement encoding.BinaryMarshaler)"
time=2024-07-12T18:03:39.171+05:00 level=INFO msg="Order method is starting"
time=2024-07-12T18:03:39.171+05:00 level=INFO msg="Reservation info has been retrieved"
time=2024-07-12T18:03:39.171+05:00 level=INFO msg="Reservation end time has been parsed"
time=2024-07-12T18:03:39.172+05:00 level=ERROR msg="failed to make order: failed to store order: redis: can't marshal []redis.Order (implement encoding.BinaryMarshaler)"
time=2024-07-12T18:06:15.764+05:00 level=INFO msg="Order method is starting"
time=2024-07-12T18:06:15.764+05:00 level=INFO msg="Reservation info has been retrieved"
time=2024-07-12T18:06:15.764+05:00 level=INFO msg="Reservation end time has been parsed"
time=2024-07-12T18:06:15.765+05:00 level=ERROR msg="failed to make order: failed to store order: redis: can't marshal []*reservation.ReservationOrder (implement encoding.BinaryMarshaler)"
time=2024-07-12T18:11:02.669+05:00 level=INFO msg="Order method is starting"
time=2024-07-12T18:11:02.670+05:00 level=INFO msg="Reservation info has been retrieved"
time=2024-07-12T18:11:02.670+05:00 level=INFO msg="Reservation end time has been parsed"
time=2024-07-12T18:22:03.257+05:00 level=INFO msg="Order method is starting"
time=2024-07-12T18:22:03.259+05:00 level=INFO msg="Reservation info has been retrieved"
time=2024-07-12T18:22:03.259+05:00 level=INFO msg="Reservation end time has been parsed"
time=2024-07-12T18:22:03.260+05:00 level=ERROR msg="failed to make order: failed to store order: redis: can't marshal []*reservation.ReservationOrder (implement encoding.BinaryMarshaler)"
time=2024-07-12T18:22:34.142+05:00 level=INFO msg="Order method is starting"
time=2024-07-12T18:22:34.143+05:00 level=INFO msg="Reservation info has been retrieved"
time=2024-07-12T18:22:34.143+05:00 level=INFO msg="Reservation end time has been parsed"
time=2024-07-12T18:22:34.144+05:00 level=ERROR msg="failed to make order: failed to store order: redis: can't marshal []*reservation.ReservationOrder (implement encoding.BinaryMarshaler)"
time=2024-07-12T18:22:42.664+05:00 level=INFO msg="Order method is starting"
time=2024-07-12T18:22:42.666+05:00 level=INFO msg="Reservation info has been retrieved"
time=2024-07-12T18:22:42.666+05:00 level=INFO msg="Reservation end time has been parsed"
time=2024-07-12T18:27:28.045+05:00 level=INFO msg="Order method is starting"
time=2024-07-12T18:27:28.047+05:00 level=INFO msg="Reservation info has been retrieved"
time=2024-07-12T18:27:28.047+05:00 level=INFO msg="Reservation end time has been parsed"
time=2024-07-12T18:40:04.682+05:00 level=INFO msg="Order method is starting"
time=2024-07-12T18:40:04.684+05:00 level=INFO msg="Reservation info has been retrieved"
time=2024-07-12T18:40:04.684+05:00 level=INFO msg="Reservation end time has been parsed"
time=2024-07-12T18:40:04.684+05:00 level=ERROR msg="failed to make order: failed to store order: ERR unknown command `JSON.SET`, with args beginning with: `reservation_order:c3a63346-04ab-4829-bb90-d274e609ab3e`, `reservation_id`, `dc7d4487-54b2-4344-b8dc-442ebcc8ca46`, "
time=2024-07-12T18:51:03.165+05:00 level=INFO msg="Order method is starting"
time=2024-07-12T18:51:03.166+05:00 level=INFO msg="Reservation info has been retrieved"
time=2024-07-12T18:51:03.166+05:00 level=INFO msg="Reservation end time has been parsed"
time=2024-07-12T18:52:44.742+05:00 level=INFO msg="Order method is starting"
time=2024-07-12T18:52:44.743+05:00 level=INFO msg="Reservation info has been retrieved"
time=2024-07-12T18:52:44.743+05:00 level=INFO msg="Reservation end time has been parsed"
time=2024-07-12T18:54:12.860+05:00 level=INFO msg="Order method is starting"
time=2024-07-12T18:54:12.861+05:00 level=INFO msg="Reservation info has been retrieved"
time=2024-07-12T18:54:12.862+05:00 level=INFO msg="Reservation end time has been parsed"
